[2020-04-09 04:50:50] Text error: Page not found | Файл: /Users/joker/Downloads/websites/mvc/vendor/tjo/core/Router.php | Строка: 41 
_________________________
[2020-04-09 04:51:04] Text error: Controller app\controllers\RstrsController not found | Файл: /Users/joker/Downloads/websites/mvc/vendor/tjo/core/Router.php | Строка: 38 
_________________________
[2020-04-09 04:51:10] Text error: Controller app\controllers\RstrsController not found | Файл: /Users/joker/Downloads/websites/mvc/vendor/tjo/core/Router.php | Строка: 38 
_________________________
[2020-04-09 04:51:14] Text error: Controller app\controllers\RstrsrController not found | Файл: /Users/joker/Downloads/websites/mvc/vendor/tjo/core/Router.php | Строка: 38 
_________________________
[2020-04-09 04:51:20] Text error: Controller app\controllers\RstrsrController not found | Файл: /Users/joker/Downloads/websites/mvc/vendor/tjo/core/Router.php | Строка: 38 
_________________________
[2020-04-09 04:53:00] Text error: Not found view /Users/joker/Downloads/websites/mvc/app/views/Newurl/generation.php | Файл: /Users/joker/Downloads/websites/mvc/vendor/tjo/core/base/View.php | Строка: 38 
_________________________
[2020-04-09 04:56:12] Text error: Not found view /Users/joker/Downloads/websites/mvc/app/views/Newurl/generation.php | Файл: /Users/joker/Downloads/websites/mvc/vendor/tjo/core/base/View.php | Строка: 38 
_________________________
[2020-04-09 05:07:18] Text error: Not found view /Users/joker/Downloads/websites/mvc/app/views/Newurl/generation.php | Файл: /Users/joker/Downloads/websites/mvc/vendor/tjo/core/base/View.php | Строка: 38 
_________________________
[2020-04-09 05:07:31] Text error: Not found view /Users/joker/Downloads/websites/mvc/app/views/Newurl/generation.php | Файл: /Users/joker/Downloads/websites/mvc/vendor/tjo/core/base/View.php | Строка: 38 
_________________________
[2020-04-09 05:08:16] Text error: Not found view /Users/joker/Downloads/websites/mvc/app/views/Newurl/generation.php | Файл: /Users/joker/Downloads/websites/mvc/vendor/tjo/core/base/View.php | Строка: 38 
_________________________
[2020-04-09 05:08:28] Text error: Not found view /Users/joker/Downloads/websites/mvc/app/views/Newurl/generation.php | Файл: /Users/joker/Downloads/websites/mvc/vendor/tjo/core/base/View.php | Строка: 38 
_________________________
[2020-04-09 05:08:54] Text error: Not found view /Users/joker/Downloads/websites/mvc/app/views/Newurl/generation.php | Файл: /Users/joker/Downloads/websites/mvc/vendor/tjo/core/base/View.php | Строка: 38 
_________________________
[2020-04-09 05:09:08] Text error: Not found view /Users/joker/Downloads/websites/mvc/app/views/Newurl/generation.php | Файл: /Users/joker/Downloads/websites/mvc/vendor/tjo/core/base/View.php | Строка: 38 
_________________________
